[2025-12-17 16:46:29] DIAG: CMD=0x1A0A (STATUS_HW) result=64
[2025-12-17 16:46:29] DIAG_BUF: CMD=0x1A0A outBytes=6 inBytes=7 res=64
[2025-12-17 16:46:29] DIAG: CMD=0x1A0B (STATUS_SYS) result=64
[2025-12-17 16:46:29] DIAG_BUF: CMD=0x1A0B outBytes=6 inBytes=7 res=64
[2025-12-17 16:46:29] DIAG: CMD=0x1A0C (STATUS_MAIN) result=64
[2025-12-17 16:46:29] DIAG_BUF: CMD=0x1A0C outBytes=6 inBytes=7 res=64
[2025-12-17 16:46:29] DIAG: CMD=0x0202 (DSTN_ASIC) result=-2
[2025-12-17 16:46:29] DIAG_BUF: CMD=0x0202 outBytes=7 inBytes=7 res=-2
[2025-12-17 16:46:29] DIAG: CMD=0x1A48 (DLPA200_FAULT) result=64
[2025-12-17 16:46:29] DIAG_BUF: CMD=0x1A48 outBytes=7 inBytes=7 res=64
[2025-12-17 16:46:29] DIAG: CMD=0x1A49 (DMD_CON_STATUS) result=-2
[2025-12-17 16:46:29] DIAG_BUF: CMD=0x1A49 outBytes=7 inBytes=7 res=-2
[2025-12-17 16:46:56] DIAG: CMD=0x0205 (GET_VERSION) result=64
[2025-12-17 16:46:56] DIAG_BUF: CMD=0x0205 outBytes=6 inBytes=22 res=64
[2025-12-17 16:47:04] DIAG: CMD=0x1A1B (DISP_MODE) result=65
[2025-12-17 16:47:04] DIAG_BUF: CMD=0x1A1B outBytes=9 inBytes=7 res=65
[2025-12-17 16:47:04] DIAG: CMD=0x1A34 (MBOX_DATA) result=65
[2025-12-17 16:47:04] DIAG_BUF: CMD=0x1A34 outBytes=20 inBytes=6 res=65
[2025-12-17 16:47:04] DIAG: CMD=0x1A31 (PAT_CONFIG) result=65
[2025-12-17 16:47:04] DIAG_BUF: CMD=0x1A31 outBytes=14 inBytes=12 res=65
[2025-12-17 16:47:04] DIAG: CMD=0x1A24 (PAT_START_STOP) result=65
[2025-12-17 16:47:04] DIAG_BUF: CMD=0x1A24 outBytes=9 inBytes=6 res=65
[2025-12-17 16:47:15] DIAG: CMD=0x1A1B (DISP_MODE) result=65
[2025-12-17 16:47:15] DIAG_BUF: CMD=0x1A1B outBytes=9 inBytes=7 res=65
[2025-12-17 16:50:23] DIAG: CMD=0x1A1B (DISP_MODE) result=65
[2025-12-17 16:50:23] DIAG_BUF: CMD=0x1A1B outBytes=9 inBytes=7 res=65
[2025-12-17 16:50:23] DIAG: CMD=0x1A00 (SOURCE_SEL) result=65
[2025-12-17 16:50:23] DIAG_BUF: CMD=0x1A00 outBytes=9 inBytes=7 res=65
[2025-12-17 16:50:23] DIAG: CMD=0x1203 (TPG_SEL) result=65
[2025-12-17 16:50:23] DIAG_BUF: CMD=0x1203 outBytes=9 inBytes=7 res=65
[2025-12-17 16:50:35] DIAG: CMD=0x1A1B (DISP_MODE) result=64
[2025-12-17 16:50:35] DIAG_BUF: CMD=0x1A1B outBytes=7 inBytes=7 res=64
[2025-12-17 16:50:40] DIAG: CMD=0x1A1B (DISP_MODE) result=65
[2025-12-17 16:50:40] DIAG_BUF: CMD=0x1A1B outBytes=9 inBytes=7 res=65
[2025-12-17 16:50:47] DIAG: CMD=0x1A1B (DISP_MODE) result=65
[2025-12-17 16:50:47] DIAG_BUF: CMD=0x1A1B outBytes=9 inBytes=7 res=65
[2025-12-17 16:50:47] DIAG: CMD=0x1A00 (SOURCE_SEL) result=65
[2025-12-17 16:50:47] DIAG_BUF: CMD=0x1A00 outBytes=9 inBytes=7 res=65
[2025-12-17 16:50:47] DIAG: CMD=0x1203 (TPG_SEL) result=65
[2025-12-17 16:50:47] DIAG_BUF: CMD=0x1203 outBytes=9 inBytes=7 res=65
[2025-12-17 16:50:47] DIAG: CMD=0x1204 (TPG_COLOR) result=65
[2025-12-17 16:50:48] DIAG_BUF: CMD=0x1204 outBytes=20 inBytes=18 res=65
[2025-12-17 16:50:52] DIAG: CMD=0x1A1B (DISP_MODE) result=65
[2025-12-17 16:50:52] DIAG_BUF: CMD=0x1A1B outBytes=9 inBytes=7 res=65
[2025-12-17 16:50:52] DIAG: CMD=0x1A00 (SOURCE_SEL) result=65
[2025-12-17 16:50:52] DIAG_BUF: CMD=0x1A00 outBytes=9 inBytes=7 res=65
[2025-12-17 16:50:52] DIAG: CMD=0x1203 (TPG_SEL) result=65
[2025-12-17 16:50:52] DIAG_BUF: CMD=0x1203 outBytes=9 inBytes=7 res=65
[2025-12-17 16:51:00] DIAG: CMD=0x1A1B (DISP_MODE) result=65
[2025-12-17 16:51:00] DIAG_BUF: CMD=0x1A1B outBytes=9 inBytes=7 res=65
[2025-12-17 16:51:00] DIAG: CMD=0x1A00 (SOURCE_SEL) result=65
[2025-12-17 16:51:00] DIAG_BUF: CMD=0x1A00 outBytes=9 inBytes=7 res=65
[2025-12-17 16:51:00] DIAG: CMD=0x1203 (TPG_SEL) result=65
[2025-12-17 16:51:00] DIAG_BUF: CMD=0x1203 outBytes=9 inBytes=7 res=65
[2025-12-17 16:51:00] DIAG: CMD=0x1204 (TPG_COLOR) result=65
[2025-12-17 16:51:00] DIAG_BUF: CMD=0x1204 outBytes=20 inBytes=18 res=65
[2025-12-17 16:51:16] DIAG: CMD=0x1A1B (DISP_MODE) result=65
[2025-12-17 16:51:16] DIAG_BUF: CMD=0x1A1B outBytes=9 inBytes=7 res=65
[2025-12-17 16:51:16] DIAG: CMD=0x1A34 (MBOX_DATA) result=65
[2025-12-17 16:51:16] DIAG_BUF: CMD=0x1A34 outBytes=20 inBytes=6 res=65
[2025-12-17 16:51:16] DIAG: CMD=0x1A31 (PAT_CONFIG) result=65
[2025-12-17 16:51:16] DIAG_BUF: CMD=0x1A31 outBytes=14 inBytes=12 res=65
[2025-12-17 16:51:16] DIAG: CMD=0x1A24 (PAT_START_STOP) result=65
[2025-12-17 16:51:16] DIAG_BUF: CMD=0x1A24 outBytes=9 inBytes=6 res=65
[2025-12-17 16:51:22] DIAG: CMD=0x1A0A (STATUS_HW) result=64
[2025-12-17 16:51:22] DIAG_BUF: CMD=0x1A0A outBytes=6 inBytes=7 res=64
[2025-12-17 16:51:22] DIAG: CMD=0x1A0B (STATUS_SYS) result=64
[2025-12-17 16:51:22] DIAG_BUF: CMD=0x1A0B outBytes=6 inBytes=7 res=64
[2025-12-17 16:51:22] DIAG: CMD=0x1A0C (STATUS_MAIN) result=64
[2025-12-17 16:51:22] DIAG_BUF: CMD=0x1A0C outBytes=6 inBytes=7 res=64
[2025-12-17 16:51:22] DIAG: CMD=0x0202 (DSTN_ASIC) result=-2
[2025-12-17 16:51:22] DIAG_BUF: CMD=0x0202 outBytes=7 inBytes=7 res=-2
[2025-12-17 16:51:22] DIAG: CMD=0x1A48 (DLPA200_FAULT) result=64
[2025-12-17 16:51:22] DIAG_BUF: CMD=0x1A48 outBytes=7 inBytes=7 res=64
[2025-12-17 16:51:22] DIAG: CMD=0x1A49 (DMD_CON_STATUS) result=-2
[2025-12-17 16:51:22] DIAG_BUF: CMD=0x1A49 outBytes=7 inBytes=7 res=-2
